<?xml version="1.0" encoding="UTF-8"?>
<testng-results ignored="0" total="1" passed="0" failed="1" skipped="0">
  <reporter-output>
  </reporter-output>
  <suite started-at="2026-01-12T18:55:21 IST" name="TestSuite" finished-at="2026-01-12T18:58:32 IST" duration-ms="190564">
    <groups>
    </groups>
    <test started-at="2026-01-12T18:55:21 IST" name="WebTests-0" finished-at="2026-01-12T18:58:32 IST" duration-ms="190564">
      <class name="vregTest.Vreg">
        <test-method is-config="true" signature="setUp()[pri:0, instance:vregTest.Vreg@70211e49]" started-at="2026-01-12T18:55:21 IST" name="setUp" finished-at="2026-01-12T18:56:01 IST" duration-ms="39330" status="PASS">
          <reporter-output>
          </reporter-output>
        </test-method> <!-- setUp -->
        <test-method signature="LoginTest()[pri:1, instance:vregTest.Vreg@70211e49]" started-at="2026-01-12T18:56:01 IST" name="LoginTest" finished-at="2026-01-12T18:58:26 IST" duration-ms="145594" status="FAIL">
          <exception class="org.openqa.selenium.TimeoutException">
            <message>
              <![CDATA[Expected condition failed: waiting for element to be clickable: By.xpath: //button[@type='submit'] (tried for 40 second(s) with 500 milliseconds interval)
Build info: version: '4.39.0', revision: '126f156aee'
System info: os.name: 'Mac OS X', os.arch: 'x86_64', os.version: '26.1', java.version: '21.0.6'
Driver info: org.openqa.selenium.remote.RemoteWebDriver
Capabilities {appActivity: com.google.android.apps.chr..., appPackage: com.android.chrome, browserName: chrome, chromedriverArgs: [--adb-port=5038], chromedriverPort: 18086, databaseEnabled: false, desired: {browserName: chrome, chromedriverArgs: [--adb-port=5038], chromedriverPort: 18086, deviceName: android, goog:chromeOptions: {args: [--proxy-bypass-list=<-loopb..., test-type, --proxy-server=http://203.3..., --disable-features=Translate]}, newCommandTimeout: 0, platformName: Android, skipServerInstallation: true, systemPort: 8206, udid: R5CW51Q9YSR}, deviceApiLevel: 33, deviceManufacturer: samsung, deviceModel: SM-S911B, deviceName: R5CW51Q9YSR, deviceScreenDensity: 480, deviceScreenSize: 1080x2340, deviceUDID: R5CW51Q9YSR, goog:chromeOptions: {args: [--proxy-bypass-list=<-loopb..., test-type, --proxy-server=http://203.3..., --disable-features=Translate]}, javascriptEnabled: true, locationContextEnabled: false, networkConnectionEnabled: true, newCommandTimeout: 0, optimalHubUrl: hub-apse.browserstack.com, pixelRatio: 3, platform: LINUX, platformName: ANDROID, platformVersion: 13, skipServerInstallation: true, statBarHeight: 81, systemPort: 8206, takesScreenshot: true, udid: R5CW51Q9YSR, viewportRect: {height: 2034, left: 0, top: 81, width: 1080}, warnings: {}, webStorageEnabled: false}
Session ID: e8bd76c7c8c5e1c8b3fd391902bd0bae53d460d0]]>
            </message>
            <full-stacktrace>
              <![CDATA[org.openqa.selenium.TimeoutException: Expected condition failed: waiting for element to be clickable: By.xpath: //button[@type='submit'] (tried for 40 second(s) with 500 milliseconds interval)
Build info: version: '4.39.0', revision: '126f156aee'
System info: os.name: 'Mac OS X', os.arch: 'x86_64', os.version: '26.1', java.version: '21.0.6'
Driver info: org.openqa.selenium.remote.RemoteWebDriver
Capabilities {appActivity: com.google.android.apps.chr..., appPackage: com.android.chrome, browserName: chrome, chromedriverArgs: [--adb-port=5038], chromedriverPort: 18086, databaseEnabled: false, desired: {browserName: chrome, chromedriverArgs: [--adb-port=5038], chromedriverPort: 18086, deviceName: android, goog:chromeOptions: {args: [--proxy-bypass-list=<-loopb..., test-type, --proxy-server=http://203.3..., --disable-features=Translate]}, newCommandTimeout: 0, platformName: Android, skipServerInstallation: true, systemPort: 8206, udid: R5CW51Q9YSR}, deviceApiLevel: 33, deviceManufacturer: samsung, deviceModel: SM-S911B, deviceName: R5CW51Q9YSR, deviceScreenDensity: 480, deviceScreenSize: 1080x2340, deviceUDID: R5CW51Q9YSR, goog:chromeOptions: {args: [--proxy-bypass-list=<-loopb..., test-type, --proxy-server=http://203.3..., --disable-features=Translate]}, javascriptEnabled: true, locationContextEnabled: false, networkConnectionEnabled: true, newCommandTimeout: 0, optimalHubUrl: hub-apse.browserstack.com, pixelRatio: 3, platform: LINUX, platformName: ANDROID, platformVersion: 13, skipServerInstallation: true, statBarHeight: 81, systemPort: 8206, takesScreenshot: true, udid: R5CW51Q9YSR, viewportRect: {height: 2034, left: 0, top: 81, width: 1080}, warnings: {}, webStorageEnabled: false}
Session ID: e8bd76c7c8c5e1c8b3fd391902bd0bae53d460d0
at org.openqa.selenium.support.ui.WebDriverWait.timeoutException(WebDriverWait.java:84)
at org.openqa.selenium.support.ui.FluentWait.until(FluentWait.java:228)
at vregTest.Vreg.LoginTest(Vreg.java:137)
at java.base/jdk.internal.reflect.DirectMethodHandleAccessor.invoke(DirectMethodHandleAccessor.java:103)
at java.base/java.lang.reflect.Method.invoke(Method.java:580)
at org.testng.internal.invokers.MethodInvocationHelper.invokeMethod(MethodInvocationHelper.java:141)
at org.testng.internal.invokers.TestInvoker.invokeMethod(TestInvoker.java:686)
at org.testng.internal.invokers.TestInvoker.invokeTestMethod(TestInvoker.java:230)
at org.testng.internal.invokers.MethodRunner.runInSequence(MethodRunner.java:63)
at org.testng.internal.invokers.TestInvoker$MethodInvocationAgent.invoke(TestInvoker.java:992)
at org.testng.internal.invokers.TestInvoker.invokeTestMethods(TestInvoker.java:203)
at org.testng.internal.invokers.TestMethodWorker.invokeTestMethods(TestMethodWorker.java:154)
at org.testng.internal.invokers.TestMethodWorker.run(TestMethodWorker.java:134)
at java.base/java.util.ArrayList.forEach(ArrayList.java:1596)
at org.testng.TestRunner.privateRun(TestRunner.java:739)
at org.testng.TestRunner.run(TestRunner.java:614)
at org.testng.SuiteRunner.runTest(SuiteRunner.java:421)
at org.testng.SuiteRunner$SuiteWorker.run(SuiteRunner.java:463)
at org.testng.internal.thread.ThreadUtil.lambda$execute$0(ThreadUtil.java:64)
at java.base/java.util.concurrent.FutureTask.run(FutureTask.java:317)
at java.base/java.util.concurrent.ThreadPoolExecutor.runWorker(ThreadPoolExecutor.java:1144)
at java.base/java.util.concurrent.ThreadPoolExecutor$Worker.run(ThreadPoolExecutor.java:642)
at java.base/java.lang.Thread.run(Thread.java:1583)
]]>
            </full-stacktrace>
          </exception> <!-- org.openqa.selenium.TimeoutException -->
          <reporter-output>
          </reporter-output>
        </test-method> <!-- LoginTest -->
        <test-method is-config="true" signature="tearDown()[pri:0, instance:vregTest.Vreg@70211e49]" started-at="2026-01-12T18:58:27 IST" name="tearDown" finished-at="2026-01-12T18:58:32 IST" duration-ms="4861" status="PASS">
          <reporter-output>
          </reporter-output>
        </test-method> <!-- tearDown -->
      </class> <!-- vregTest.Vreg -->
    </test> <!-- WebTests-0 -->
  </suite> <!-- TestSuite -->
</testng-results>
